2018-06-05 09:37:51 [scrapy.utils.log] INFO: Scrapy 1.5.0 started (bot: scrapy_app)
2018-06-05 09:37:51 [scrapy.utils.log] INFO: Versions: lxml 4.2.1.0, libxml2 2.9.5, cssselect 1.0.3, parsel 1.4.0, w3lib 1.19.0, Twisted 17.9.0, Python 3.6.4 (v3.6.4:d48eceb, Dec 19 2017, 06:04:45) [MSC v.1900 32 bit (Intel)], pyOpenSSL 17.5.0 (OpenSSL 1.1.0h  27 Mar 2018), cryptography 2.2.2, Platform Windows-10-10.0.17134-SP0
2018-06-05 09:37:51 [scrapy.crawler] INFO: Overridden settings: {'BOT_NAME': 'scrapy_app', 'LOG_FILE': 'logs\\default\\spider_1\\f553dbd8688a11e895dad863758aecce.log', 'NEWSPIDER_MODULE': 'scrapy_app.spiders', 'ROBOTSTXT_OBEY': True, 'SPIDER_MODULES': ['scrapy_app.spiders'], 'USER_AGENT': 'Mozilla/5.0 (compatible; Googlebot/2.1; +http://www.google.com/bot.html)'}
2018-06-05 09:37:51 [scrapy.middleware] INFO: Enabled extensions:
['scrapy.extensions.corestats.CoreStats',
 'scrapy.extensions.telnet.TelnetConsole',
 'scrapy.extensions.logstats.LogStats']
2018-06-05 09:37:51 [scrapy.middleware] INFO: Enabled downloader middlewares:
['scrapy.downloadermiddlewares.robotstxt.RobotsTxtMiddleware',
 'scrapy.downloadermiddlewares.httpauth.HttpAuthMiddleware',
 'scrapy.downloadermiddlewares.downloadtimeout.DownloadTimeoutMiddleware',
 'scrapy.downloadermiddlewares.defaultheaders.DefaultHeadersMiddleware',
 'scrapy.downloadermiddlewares.useragent.UserAgentMiddleware',
 'scrapy.downloadermiddlewares.retry.RetryMiddleware',
 'scrapy.downloadermiddlewares.redirect.MetaRefreshMiddleware',
 'scrapy.downloadermiddlewares.httpcompression.HttpCompressionMiddleware',
 'scrapy.downloadermiddlewares.redirect.RedirectMiddleware',
 'scrapy.downloadermiddlewares.cookies.CookiesMiddleware',
 'scrapy.downloadermiddlewares.httpproxy.HttpProxyMiddleware',
 'scrapy.downloadermiddlewares.stats.DownloaderStats']
2018-06-05 09:37:51 [scrapy.middleware] INFO: Enabled spider middlewares:
['scrapy.spidermiddlewares.httperror.HttpErrorMiddleware',
 'scrapy.spidermiddlewares.offsite.OffsiteMiddleware',
 'scrapy.spidermiddlewares.referer.RefererMiddleware',
 'scrapy.spidermiddlewares.urllength.UrlLengthMiddleware',
 'scrapy.spidermiddlewares.depth.DepthMiddleware']
2018-06-05 09:37:51 [scrapy.middleware] INFO: Enabled item pipelines:
['scrapy_app.pipelines.Pipeline']
2018-06-05 09:37:51 [scrapy.core.engine] INFO: Spider opened
2018-06-05 09:37:51 [scrapy.extensions.logstats] INFO: Crawled 0 pages (at 0 pages/min), scraped 0 items (at 0 items/min)
2018-06-05 09:37:51 [scrapy.extensions.telnet] DEBUG: Telnet console listening on 127.0.0.1:6023
2018-06-05 09:37:51 [scrapy.core.engine] DEBUG: Crawled (200) <GET https://korrespondent.net/robots.txt> (referer: None)
2018-06-05 09:37:51 [scrapy.core.engine] DEBUG: Crawled (200) <GET https://korrespondent.net/> (referer: None)
2018-06-05 09:37:51 [scrapy.core.scraper] DEBUG: Scraped from <200 https://korrespondent.net/>
{'header': None}
2018-06-05 09:37:51 [scrapy.core.scraper] DEBUG: Scraped from <200 https://korrespondent.net/>
{'header': 'Главная'}
2018-06-05 09:37:51 [scrapy.core.scraper] DEBUG: Scraped from <200 https://korrespondent.net/>
{'header': 'Украина'}
2018-06-05 09:37:51 [scrapy.core.scraper] DEBUG: Scraped from <200 https://korrespondent.net/>
{'header': 'Город'}
2018-06-05 09:37:51 [scrapy.core.scraper] DEBUG: Scraped from <200 https://korrespondent.net/>
{'header': 'Мир'}
2018-06-05 09:37:51 [scrapy.core.scraper] DEBUG: Scraped from <200 https://korrespondent.net/>
{'header': 'Бизнес'}
2018-06-05 09:37:51 [scrapy.core.scraper] DEBUG: Scraped from <200 https://korrespondent.net/>
{'header': 'Я-КОРРЕСПОНДЕНТ'}
2018-06-05 09:37:51 [scrapy.core.scraper] DEBUG: Scraped from <200 https://korrespondent.net/>
{'header': 'Спорт'}
2018-06-05 09:37:51 [scrapy.core.scraper] DEBUG: Scraped from <200 https://korrespondent.net/>
{'header': 'Lifestyle'}
2018-06-05 09:37:51 [scrapy.core.scraper] DEBUG: Scraped from <200 https://korrespondent.net/>
{'header': 'Шоу-биз'}
2018-06-05 09:37:51 [scrapy.core.scraper] DEBUG: Scraped from <200 https://korrespondent.net/>
{'header': 'Наука'}
2018-06-05 09:37:51 [scrapy.core.engine] INFO: Closing spider (finished)
2018-06-05 09:37:51 [scrapy.core.engine] ERROR: Scraper close failure
Traceback (most recent call last):
  File "c:\users\v144\appdata\local\programs\python\python36-32\lib\site-packages\twisted\internet\defer.py", line 653, in _runCallbacks
    current.result = callback(current.result, *args, **kw)
  File "D:\Labs\Petrashenko\2semestr\kursach\kursach\scrapy_app\scrapy_app\pipelines.py", line 28, in close_spider
    print(self.items)
  File "c:\users\v144\appdata\local\programs\python\python36-32\lib\encodings\cp1252.py", line 19, in encode
    return codecs.charmap_encode(input,self.errors,encoding_table)[0]
UnicodeEncodeError: 'charmap' codec can't encode characters in position 31-37: character maps to <undefined>
2018-06-05 09:37:51 [scrapy.statscollectors] INFO: Dumping Scrapy stats:
{'downloader/request_bytes': 518,
 'downloader/request_count': 2,
 'downloader/request_method_count/GET': 2,
 'downloader/response_bytes': 46414,
 'downloader/response_count': 2,
 'downloader/response_status_count/200': 2,
 'finish_reason': 'finished',
 'finish_time': datetime.datetime(2018, 6, 5, 6, 37, 51, 945900),
 'item_scraped_count': 11,
 'log_count/DEBUG': 14,
 'log_count/ERROR': 1,
 'log_count/INFO': 7,
 'response_received_count': 2,
 'scheduler/dequeued': 1,
 'scheduler/dequeued/memory': 1,
 'scheduler/enqueued': 1,
 'scheduler/enqueued/memory': 1,
 'start_time': datetime.datetime(2018, 6, 5, 6, 37, 51, 701868)}
2018-06-05 09:37:51 [scrapy.core.engine] INFO: Spider closed (finished)
